<?xml version="1.0" encoding="UTF-8"?>
<!-- Generated by org.testng.reporters.JUnitReportReporter -->
<testsuite hostname="hp" failures="0" tests="1" name="script.InvalidLogin" time="17.348" errors="0" timestamp="27 Jul 2022 03:11:44 GMT" skipped="0">
  <testcase classname="script.InvalidLogin" name="testInvalidLogin" time="17.348"/>
</testsuite> <!-- script.InvalidLogin -->
