<?xml version="1.0" encoding="UTF-8"?>
<!-- Generated by org.testng.reporters.JUnitReportReporter -->
<testsuite hostname="hp" failures="0" tests="1" name="script.InvalidLogin" time="18.535" errors="0" timestamp="27 Jul 2022 08:46:11 GMT" skipped="0">
  <testcase classname="script.InvalidLogin" name="testInvalidLogin" time="18.535"/>
</testsuite> <!-- script.InvalidLogin -->
