<?xml version="1.0" encoding="UTF-8"?>
<!-- Generated by org.testng.reporters.JUnitReportReporter -->
<testsuite hostname="hp" failures="0" tests="1" name="script.ValidLogin" time="26.668" errors="0" timestamp="27 Jul 2022 03:11:44 GMT" skipped="0">
  <testcase classname="script.ValidLogin" name="testValidLogin" time="26.668"/>
</testsuite> <!-- script.ValidLogin -->
