<?xml version="1.0" encoding="UTF-8"?>
<!-- Generated by org.testng.reporters.JUnitReportReporter -->
<testsuite hostname="hp" failures="0" tests="1" name="script.ValidLogin" time="39.800" errors="0" timestamp="27 Jul 2022 08:46:11 GMT" skipped="0">
  <testcase classname="script.ValidLogin" name="testValidLogin" time="39.800"/>
</testsuite> <!-- script.ValidLogin -->
