<?xml version="1.0" encoding="UTF-8"?>
<!-- Generated by org.testng.reporters.JUnitReportReporter -->
<testsuite hostname="hp" failures="0" tests="1" name="script.ValidLogin" time="17.893" errors="0" timestamp="31 Jul 2022 14:40:44 GMT" skipped="0">
  <testcase classname="script.ValidLogin" name="testValidLogin" time="17.893"/>
</testsuite> <!-- script.ValidLogin -->
