<?xml version="1.0" encoding="UTF-8"?>
<!-- Generated by org.testng.reporters.JUnitReportReporter -->
<testsuite hostname="hp" failures="0" tests="1" name="script.TestClass1" time="22.906" errors="0" timestamp="25 Jul 2022 02:45:22 GMT" skipped="0">
  <testcase classname="script.TestClass1" name="testA" time="22.906"/>
</testsuite> <!-- script.TestClass1 -->
